#-----------------------------------------------------------
# Vivado v2019.1 (64-bit)
# SW Build 2552052 on Fri May 24 14:49:42 MDT 2019
# IP Build 2548770 on Fri May 24 18:01:18 MDT 2019
# Start of session at: Thu Nov 24 13:59:08 2022
# Process ID: 77388
# Current directory: D:/zhuomian/lab7/lab3
# Command line: vivado.exe -gui_launcher_event rodinguilauncherevent56084 D:\zhuomian\lab7\lab3\lab3.xpr
# Log file: D:/zhuomian/lab7/lab3/vivado.log
# Journal file: D:/zhuomian/lab7/lab3\vivado.jou
#-----------------------------------------------------------
start_gui
open_project D:/zhuomian/lab7/lab3/lab3.xpr
Scanning sources...
Finished scanning sources
INFO: [IP_Flow 19-234] Refreshing IP repositories
INFO: [IP_Flow 19-1704] No user IP repositories specified
INFO: [IP_Flow 19-2313] Loaded Vivado IP repository 'E:/vivado/Vivado/2019.1/data/ip'.
update_compile_order -fileset sources_1
exit
INFO: [Common 17-206] Exiting Vivado at Thu Nov 24 14:47:41 2022...
