#-----------------------------------------------------------
# Vivado v2021.1 (64-bit)
# SW Build 3247384 on Thu Jun 10 19:36:33 MDT 2021
# IP Build 3246043 on Fri Jun 11 00:30:35 MDT 2021
# Start of session at: Thu Nov 24 19:45:22 2022
# Process ID: 32228
# Current directory: E:/USTC/2nd year-1st sem/Digital circuit Experiment/lab3
# Command line: vivado.exe -gui_launcher_event rodinguilauncherevent32096 E:\USTC\2nd year-1st sem\Digital circuit Experiment\lab3\lab3.xpr
# Log file: E:/USTC/2nd year-1st sem/Digital circuit Experiment/lab3/vivado.log
# Journal file: E:/USTC/2nd year-1st sem/Digital circuit Experiment/lab3\vivado.jou
#-----------------------------------------------------------
start_gui
open_project {E:/USTC/2nd year-1st sem/Digital circuit Experiment/lab3/lab3.xpr}
INFO: [Project 1-313] Project file moved from 'D:/zhuomian/lab7/lab3' since last save.
CRITICAL WARNING: [Project 1-311] Could not find the file 'E:/USTC/2nd year-1st sem/fpgaollab3.xdc', nor could it be found using path 'D:/zhuomian/fpgaollab3.xdc'.
Scanning sources...
Finished scanning sources
INFO: [Project 1-230] Project 'lab3.xpr' upgraded for this version of Vivado.
INFO: [IP_Flow 19-234] Refreshing IP repositories
INFO: [IP_Flow 19-1704] No user IP repositories specified
INFO: [IP_Flow 19-2313] Loaded Vivado IP repository 'D:/Vivado/Vivado/2021.1/data/ip'.
open_project: Time (s): cpu = 00:00:14 ; elapsed = 00:00:05 . Memory (MB): peak = 1136.992 ; gain = 0.000
upgrade_project -migrate_output_products
update_compile_order -fileset sources_1
exit
INFO: [Common 17-206] Exiting Vivado at Thu Nov 24 19:47:09 2022...
