#-----------------------------------------------------------
# Vivado v2021.1 (64-bit)
# SW Build 3247384 on Thu Jun 10 19:36:33 MDT 2021
# IP Build 3246043 on Fri Jun 11 00:30:35 MDT 2021
# Start of session at: Thu Dec  1 20:49:39 2022
# Process ID: 15700
# Current directory: E:/USTC/2nd year-1st sem/Digital circuit Experiment/Ex8/lab4
# Command line: vivado.exe -gui_launcher_event rodinguilauncherevent19904 E:\USTC\2nd year-1st sem\Digital circuit Experiment\Ex8\lab4\lab4.xpr
# Log file: E:/USTC/2nd year-1st sem/Digital circuit Experiment/Ex8/lab4/vivado.log
# Journal file: E:/USTC/2nd year-1st sem/Digital circuit Experiment/Ex8/lab4\vivado.jou
#-----------------------------------------------------------
start_gui
open_project {E:/USTC/2nd year-1st sem/Digital circuit Experiment/Ex8/lab4/lab4.xpr}
Scanning sources...
Finished scanning sources
INFO: [IP_Flow 19-234] Refreshing IP repositories
INFO: [IP_Flow 19-1704] No user IP repositories specified
INFO: [IP_Flow 19-2313] Loaded Vivado IP repository 'D:/Vivado/Vivado/2021.1/data/ip'.
update_compile_order -fileset sources_1
exit
INFO: [Common 17-206] Exiting Vivado at Thu Dec  1 21:19:37 2022...
