#-----------------------------------------------------------
# Vivado v2021.1 (64-bit)
# SW Build 3247384 on Thu Jun 10 19:36:33 MDT 2021
# IP Build 3246043 on Fri Jun 11 00:30:35 MDT 2021
# Start of session at: Thu Dec  1 18:25:25 2022
# Process ID: 14364
# Current directory: E:/USTC/2nd year-1st sem/Digital circuit Experiment/Ex8/lab4
# Command line: vivado.exe -gui_launcher_event rodinguilauncherevent18060 E:\USTC\2nd year-1st sem\Digital circuit Experiment\Ex8\lab4\lab4.xpr
# Log file: E:/USTC/2nd year-1st sem/Digital circuit Experiment/Ex8/lab4/vivado.log
# Journal file: E:/USTC/2nd year-1st sem/Digital circuit Experiment/Ex8/lab4\vivado.jou
#-----------------------------------------------------------
start_guioopen_project {E:/USTC/2nd year-1st sem/Digital circuit Experiment/Ex8/lab4/lab4.xpr}
CRITICAL WARNING: [Project 1-19] Could not find the file 'E:/USTC/2nd year-1st sem/Digital circuit Experiment/Ex8/lab3/lab3.srcs/sources_1/new/lab3clean.v'.
CRITICAL WARNING: [Project 1-19] Could not find the file 'E:/USTC/2nd year-1st sem/Digital circuit Experiment/Ex8/lab3/lab3.srcs/sources_1/new/lab3signal.v'.
Scanning sources...
Finished scanning sources
INFO: [IP_Flow 19-234] Refreshing IP repositories
INFO: [IP_Flow 19-1704] No user IP repositories specified
INFO: [IP_Flow 19-2313] Loaded Vivado IP repository 'D:/Vivado/Vivado/2021.1/data/ip'.
open_project: Time (s): cpu = 00:00:17 ; elapsed = 00:00:07 . Memory (MB): peak = 1135.711 ; gain = 0.000
update_compile_order -fileset sources_1
update_compile_order -fileset sources_1
exit
INFO: [Common 17-206] Exiting Vivado at Thu Dec  1 18:37:54 2022...
[IP_Flow 19-2313] Loaded Vivado IP repository 'D:/Vivado/Vivado/2021.1/data/ip'.
open_project: Time (s): cpu = 00:00:19 ; elapsed = 00:00:07 . Memory (MB): peak = 1135.332 ; gain = 0.000
upgrade_project -migrate_output_products
update_compile_order -fileset sources_1
update_compile_order -fileset sources_1
exit
INFO: [Common 17-206] Exiting Vivado at Thu Dec  1 18:33:16 2022...
