#-----------------------------------------------------------
# Vivado v2021.1 (64-bit)
# SW Build 3247384 on Thu Jun 10 19:36:33 MDT 2021
# IP Build 3246043 on Fri Jun 11 00:30:35 MDT 2021
# Start of session at: Thu Nov 24 17:11:02 2022
# Process ID: 25804
# Current directory: E:/USTC/2nd year-1st sem/Digital circuit Experiment/Ex7/T2
# Command line: vivado.exe -gui_launcher_event rodinguilauncherevent26956 E:\USTC\2nd year-1st sem\Digital circuit Experiment\Ex7\T2\T2.xpr
# Log file: E:/USTC/2nd year-1st sem/Digital circuit Experiment/Ex7/T2/vivado.log
# Journal file: E:/USTC/2nd year-1st sem/Digital circuit Experiment/Ex7/T2\vivado.jou
#-----------------------------------------------------------
start_gui
open_project {E:/USTC/2nd year-1st sem/Digital circuit Experiment/Ex7/T2/T2.xpr}
Scanning sources...
Finished scanning sources
INFO: [IP_Flow 19-234] Refreshing IP repositories
INFO: [IP_Flow 19-1704] No user IP repositories specified
INFO: [IP_Flow 19-2313] Loaded Vivado IP repository 'D:/Vivado/Vivado/2021.1/data/ip'.
update_compile_order -fileset sources_1
reset_run synth_1
WARNING: [Vivado 12-1017] Problems encountered:
1. Failed to delete one or more files in run directory E:/USTC/2nd year-1st sem/Digital circuit Experiment/Ex7/T2/T2.runs/synth_1

launch_runs impl_1 -to_step write_bitstream -jobs 8
[Thu Nov 24 17:12:13 2022] Launched synth_1...
Run output will be captured here: E:/USTC/2nd year-1st sem/Digital circuit Experiment/Ex7/T2/T2.runs/synth_1/runme.log
[Thu Nov 24 17:12:13 2022] Launched impl_1...
Run output will be captured here: E:/USTC/2nd year-1st sem/Digital circuit Experiment/Ex7/T2/T2.runs/impl_1/runme.log
reset_run synth_1
WARNING: [Vivado 12-1017] Problems encountered:
1. Failed to delete one or more files in run directory E:/USTC/2nd year-1st sem/Digital circuit Experiment/Ex7/T2/T2.runs/synth_1

launch_runs impl_1 -to_step write_bitstream -jobs 8
[Thu Nov 24 17:16:30 2022] Launched synth_1...
Run output will be captured here: E:/USTC/2nd year-1st sem/Digital circuit Experiment/Ex7/T2/T2.runs/synth_1/runme.log
[Thu Nov 24 17:16:30 2022] Launched impl_1...
Run output will be captured here: E:/USTC/2nd year-1st sem/Digital circuit Experiment/Ex7/T2/T2.runs/impl_1/runme.log
open_run impl_1
INFO: [Device 21-403] Loading part xc7a100tcsg324-1
Netlist sorting complete. Time (s): cpu = 00:00:00 ; elapsed = 00:00:00.001 . Memory (MB): peak = 1326.062 ; gain = 0.000
INFO: [Netlist 29-17] Analyzing 4 Unisim elements for replacement
INFO: [Netlist 29-28] Unisim Transformation completed in 0 CPU seconds
INFO: [Project 1-479] Netlist was created with Vivado 2021.1
INFO: [Project 1-570] Preparing netlist for logic optimization
INFO: [Common 17-41] Interrupt caught. Command should exit soon.
INFO: [Timing 38-478] Restoring timing data from binary archive.
INFO: [Timing 38-479] Binary timing data restore complete.
INFO: [Project 1-856] Restoring constraints from binary archive.
INFO: [Project 1-853] Binary constraint restore complete.
Reading XDEF placement.
Reading placer database...
Reading XDEF routing.
Restored from archive | CPU: 0.000000 secs | Memory: 0.000000 MB |
Finished XDEF File Restore: Time (s): cpu = 00:00:00 ; elapsed = 00:00:00.006 . Memory (MB): peak = 1967.105 ; gain = 0.000
open_run: Time (s): cpu = 00:00:11 ; elapsed = 00:00:10 . Memory (MB): peak = 1967.105 ; gain = 830.586
INFO: [Common 17-344] 'open_run' was cancelled
reset_run synth_1
WARNING: [Vivado 12-1017] Problems encountered:
1. Failed to delete one or more files in run directory E:/USTC/2nd year-1st sem/Digital circuit Experiment/Ex7/T2/T2.runs/synth_1

launch_runs impl_1 -to_step write_bitstream -jobs 8
[Thu Nov 24 17:24:51 2022] Launched synth_1...
Run output will be captured here: E:/USTC/2nd year-1st sem/Digital circuit Experiment/Ex7/T2/T2.runs/synth_1/runme.log
[Thu Nov 24 17:24:51 2022] Launched impl_1...
Run output will be captured here: E:/USTC/2nd year-1st sem/Digital circuit Experiment/Ex7/T2/T2.runs/impl_1/runme.log
reset_run synth_1
WARNING: [Vivado 12-1017] Problems encountered:
1. Failed to delete one or more files in run directory E:/USTC/2nd year-1st sem/Digital circuit Experiment/Ex7/T2/T2.runs/synth_1

launch_runs synth_1 -jobs 8
[Thu Nov 24 17:27:17 2022] Launched synth_1...
Run output will be captured here: E:/USTC/2nd year-1st sem/Digital circuit Experiment/Ex7/T2/T2.runs/synth_1/runme.log
reset_run synth_1
WARNING: [Vivado 12-1017] Problems encountered:
1. Failed to delete one or more files in run directory E:/USTC/2nd year-1st sem/Digital circuit Experiment/Ex7/T2/T2.runs/synth_1

launch_runs impl_1 -to_step write_bitstream -jobs 8
[Thu Nov 24 17:29:39 2022] Launched synth_1...
Run output will be captured here: E:/USTC/2nd year-1st sem/Digital circuit Experiment/Ex7/T2/T2.runs/synth_1/runme.log
[Thu Nov 24 17:29:39 2022] Launched impl_1...
Run output will be captured here: E:/USTC/2nd year-1st sem/Digital circuit Experiment/Ex7/T2/T2.runs/impl_1/runme.log
reset_run synth_1
WARNING: [Vivado 12-1017] Problems encountered:
1. Failed to delete one or more files in run directory E:/USTC/2nd year-1st sem/Digital circuit Experiment/Ex7/T2/T2.runs/synth_1

launch_runs impl_1 -to_step write_bitstream -jobs 8
[Thu Nov 24 17:40:06 2022] Launched synth_1...
Run output will be captured here: E:/USTC/2nd year-1st sem/Digital circuit Experiment/Ex7/T2/T2.runs/synth_1/runme.log
[Thu Nov 24 17:40:06 2022] Launched impl_1...
Run output will be captured here: E:/USTC/2nd year-1st sem/Digital circuit Experiment/Ex7/T2/T2.runs/impl_1/runme.log
reset_run synth_1
WARNING: [Vivado 12-1017] Problems encountered:
1. Failed to delete one or more files in run directory E:/USTC/2nd year-1st sem/Digital circuit Experiment/Ex7/T2/T2.runs/synth_1

launch_runs impl_1 -to_step write_bitstream -jobs 8
[Thu Nov 24 17:43:29 2022] Launched synth_1...
Run output will be captured here: E:/USTC/2nd year-1st sem/Digital circuit Experiment/Ex7/T2/T2.runs/synth_1/runme.log
[Thu Nov 24 17:43:29 2022] Launched impl_1...
Run output will be captured here: E:/USTC/2nd year-1st sem/Digital circuit Experiment/Ex7/T2/T2.runs/impl_1/runme.log
reset_run synth_1
WARNING: [Vivado 12-1017] Problems encountered:
1. Failed to delete one or more files in run directory E:/USTC/2nd year-1st sem/Digital circuit Experiment/Ex7/T2/T2.runs/synth_1

launch_runs impl_1 -to_step write_bitstream -jobs 8
[Thu Nov 24 17:49:40 2022] Launched synth_1...
Run output will be captured here: E:/USTC/2nd year-1st sem/Digital circuit Experiment/Ex7/T2/T2.runs/synth_1/runme.log
[Thu Nov 24 17:49:40 2022] Launched impl_1...
Run output will be captured here: E:/USTC/2nd year-1st sem/Digital circuit Experiment/Ex7/T2/T2.runs/impl_1/runme.log
reset_run synth_1
WARNING: [Vivado 12-1017] Problems encountered:
1. Failed to delete one or more files in run directory E:/USTC/2nd year-1st sem/Digital circuit Experiment/Ex7/T2/T2.runs/synth_1

launch_runs synth_1 -jobs 8
[Thu Nov 24 17:55:22 2022] Launched synth_1...
Run output will be captured here: E:/USTC/2nd year-1st sem/Digital circuit Experiment/Ex7/T2/T2.runs/synth_1/runme.log
reset_run synth_1
WARNING: [Vivado 12-1017] Problems encountered:
1. Failed to delete one or more files in run directory E:/USTC/2nd year-1st sem/Digital circuit Experiment/Ex7/T2/T2.runs/synth_1

launch_runs synth_1 -jobs 8
[Thu Nov 24 17:56:26 2022] Launched synth_1...
Run output will be captured here: E:/USTC/2nd year-1st sem/Digital circuit Experiment/Ex7/T2/T2.runs/synth_1/runme.log
reset_run synth_1
WARNING: [Vivado 12-1017] Problems encountered:
1. Failed to delete one or more files in run directory E:/USTC/2nd year-1st sem/Digital circuit Experiment/Ex7/T2/T2.runs/synth_1

launch_runs synth_1 -jobs 8
[Thu Nov 24 17:58:48 2022] Launched synth_1...
Run output will be captured here: E:/USTC/2nd year-1st sem/Digital circuit Experiment/Ex7/T2/T2.runs/synth_1/runme.log
launch_runs impl_1 -to_step write_bitstream -jobs 8
[Thu Nov 24 17:59:21 2022] Launched impl_1...
Run output will be captured here: E:/USTC/2nd year-1st sem/Digital circuit Experiment/Ex7/T2/T2.runs/impl_1/runme.log
reset_run synth_1
WARNING: [Vivado 12-1017] Problems encountered:
1. Failed to delete one or more files in run directory E:/USTC/2nd year-1st sem/Digital circuit Experiment/Ex7/T2/T2.runs/synth_1

launch_runs impl_1 -to_step write_bitstream -jobs 8
[Thu Nov 24 18:03:28 2022] Launched synth_1...
Run output will be captured here: E:/USTC/2nd year-1st sem/Digital circuit Experiment/Ex7/T2/T2.runs/synth_1/runme.log
[Thu Nov 24 18:03:28 2022] Launched impl_1...
Run output will be captured here: E:/USTC/2nd year-1st sem/Digital circuit Experiment/Ex7/T2/T2.runs/impl_1/runme.log
reset_run synth_1
WARNING: [Vivado 12-1017] Problems encountered:
1. Failed to delete one or more files in run directory E:/USTC/2nd year-1st sem/Digital circuit Experiment/Ex7/T2/T2.runs/synth_1

launch_runs impl_1 -to_step write_bitstream -jobs 8
[Thu Nov 24 18:07:01 2022] Launched synth_1...
Run output will be captured here: E:/USTC/2nd year-1st sem/Digital circuit Experiment/Ex7/T2/T2.runs/synth_1/runme.log
[Thu Nov 24 18:07:01 2022] Launched impl_1...
Run output will be captured here: E:/USTC/2nd year-1st sem/Digital circuit Experiment/Ex7/T2/T2.runs/impl_1/runme.log
reset_run synth_1
WARNING: [Vivado 12-1017] Problems encountered:
1. Failed to delete one or more files in run directory E:/USTC/2nd year-1st sem/Digital circuit Experiment/Ex7/T2/T2.runs/synth_1

launch_runs impl_1 -to_step write_bitstream -jobs 8
[Thu Nov 24 18:07:51 2022] Launched synth_1...
Run output will be captured here: E:/USTC/2nd year-1st sem/Digital circuit Experiment/Ex7/T2/T2.runs/synth_1/runme.log
[Thu Nov 24 18:07:51 2022] Launched impl_1...
Run output will be captured here: E:/USTC/2nd year-1st sem/Digital circuit Experiment/Ex7/T2/T2.runs/impl_1/runme.log
exit
INFO: [Common 17-206] Exiting Vivado at Thu Nov 24 18:14:16 2022...
