#-----------------------------------------------------------
# Vivado v2021.1 (64-bit)
# SW Build 3247384 on Thu Jun 10 19:36:33 MDT 2021
# IP Build 3246043 on Fri Jun 11 00:30:35 MDT 2021
# Start of session at: Tue Mar 21 22:06:30 2023
# Process ID: 41400
# Current directory: E:/USTC/2nd_year-1st_sem/Digital circuit Experiment/Final/Whac-A-Mole/Whac-A-Mole
# Command line: vivado.exe -gui_launcher_event rodinguilauncherevent33592 E:\USTC\2nd_year-1st_sem\Digital circuit Experiment\Final\Whac-A-Mole\Whac-A-Mole\Whac-A-Mole.xpr
# Log file: E:/USTC/2nd_year-1st_sem/Digital circuit Experiment/Final/Whac-A-Mole/Whac-A-Mole/vivado.log
# Journal file: E:/USTC/2nd_year-1st_sem/Digital circuit Experiment/Final/Whac-A-Mole/Whac-A-Mole\vivado.jou
#-----------------------------------------------------------
start_gui
open_project {E:/USTC/2nd_year-1st_sem/Digital circuit Experiment/Final/Whac-A-Mole/Whac-A-Mole/Whac-A-Mole.xpr}
INFO: [ProjectBase 1-489] The host OS only allows 260 characters in a normal path. The project is stored in a path with more than 80 characters. If you experience issues with IP, Block Designs, or files not being found, please consider moving the project to a location with a shorter path. Alternately consider using the OS subst command to map part of the path to a drive letter.
Current project path is 'E:/USTC/2nd_year-1st_sem/Digital circuit Experiment/Final/Whac-A-Mole/Whac-A-Mole'
INFO: [Project 1-313] Project file moved from 'E:/USTC/2nd year-1st sem/Digital circuit Experiment/Final/Whac-A-Mole/Whac-A-Mole' since last save.
WARNING: [filemgmt 56-2] Default IP Output Path : Could not find the directory 'E:/USTC/2nd_year-1st_sem/Digital circuit Experiment/Final/Whac-A-Mole/Whac-A-Mole/Whac-A-Mole.gen/sources_1', nor could it be found using path 'E:/USTC/2nd year-1st sem/Digital circuit Experiment/Final/Whac-A-Mole/Whac-A-Mole/Whac-A-Mole.gen/sources_1'.
Scanning sources...
Finished scanning sources
INFO: [IP_Flow 19-234] Refreshing IP repositories
INFO: [IP_Flow 19-1704] No user IP repositories specified
INFO: [IP_Flow 19-2313] Loaded Vivado IP repository 'D:/Vivado/Vivado/2021.1/data/ip'.
open_project: Time (s): cpu = 00:00:14 ; elapsed = 00:00:05 . Memory (MB): peak = 1136.102 ; gain = 0.000
update_compile_order -fileset sources_1
exit
INFO: [Common 17-206] Exiting Vivado at Tue Mar 21 23:08:30 2023...
