#-----------------------------------------------------------
# Vivado v2021.1 (64-bit)
# SW Build 3247384 on Thu Jun 10 19:36:33 MDT 2021
# IP Build 3246043 on Fri Jun 11 00:30:35 MDT 2021
# Start of session at: Wed Dec 14 23:49:20 2022
# Process ID: 23004
# Current directory: E:/USTC/2nd year-1st sem/Digital circuit Experiment/Final/Whac-A-Mole/Whac-A-Mole
# Command line: vivado.exe -gui_launcher_event rodinguilauncherevent21632 E:\USTC\2nd year-1st sem\Digital circuit Experiment\Final\Whac-A-Mole\Whac-A-Mole\Whac-A-Mole.xpr
# Log file: E:/USTC/2nd year-1st sem/Digital circuit Experiment/Final/Whac-A-Mole/Whac-A-Mole/vivado.log
# Journal file: E:/USTC/2nd year-1st sem/Digital circuit Experiment/Final/Whac-A-Mole/Whac-A-Mole\vivado.jou
#-----------------------------------------------------------
start_gui
open_project {E:/USTC/2nd year-1st sem/Digital circuit Experiment/Final/Whac-A-Mole/Whac-A-Mole/Whac-A-Mole.xpr}
INFO: [ProjectBase 1-489] The host OS only allows 260 characters in a normal path. The project is stored in a path with more than 80 characters. If you experience issues with IP, Block Designs, or files not being found, please consider moving the project to a location with a shorter path. Alternately consider using the OS subst command to map part of the path to a drive letter.
Current project path is 'E:/USTC/2nd year-1st sem/Digital circuit Experiment/Final/Whac-A-Mole/Whac-A-Mole'
WARNING: [filemgmt 56-3] Default IP Output Path : Could not find the directory 'E:/USTC/2nd year-1st sem/Digital circuit Experiment/Final/Whac-A-Mole/Whac-A-Mole/Whac-A-Mole.gen/sources_1'.
Scanning sources...
Finished scanning sources
INFO: [IP_Flow 19-234] Refreshing IP repositories
INFO: [IP_Flow 19-1704] No user IP repositories specified
INFO: [IP_Flow 19-2313] Loaded Vivado IP repository 'D:/Vivado/Vivado/2021.1/data/ip'.
update_compile_order -fileset sources_1
launch_runs impl_1 -to_step write_bitstream -jobs 8
[Wed Dec 14 23:49:47 2022] Launched impl_1...
Run output will be captured here: E:/USTC/2nd year-1st sem/Digital circuit Experiment/Final/Whac-A-Mole/Whac-A-Mole/Whac-A-Mole.runs/impl_1/runme.log
exit
INFO: [Common 17-206] Exiting Vivado at Thu Dec 15 00:19:39 2022...
