#-----------------------------------------------------------
# Vivado v2019.1 (64-bit)
# SW Build 2552052 on Fri May 24 14:49:42 MDT 2019
# IP Build 2548770 on Fri May 24 18:01:18 MDT 2019
# Start of session at: Tue Dec 13 16:39:16 2022
# Process ID: 33476
# Current directory: D:/zhuomian/打地鼠
# Command line: vivado.exe -gui_launcher_event rodinguilauncherevent36676 D:\zhuomian\打地鼠\qqxuanwu.xpr
# Log file: D:/zhuomian/打地鼠/vivado.log
# Journal file: D:/zhuomian/打地鼠\vivado.jou
#-----------------------------------------------------------
start_gui
open_project D:/zhuomian/打地鼠/qqxuanwu.xpr
INFO: [Project 1-313] Project file moved from 'D:/zhuomian/qqxuanwu - ver2' since last save.
Scanning sources...
Finished scanning sources
INFO: [IP_Flow 19-234] Refreshing IP repositories
INFO: [IP_Flow 19-1704] No user IP repositories specified
INFO: [IP_Flow 19-2313] Loaded Vivado IP repository 'E:/vivado/Vivado/2019.1/data/ip'.
update_compile_order -fileset sources_1
update_compile_order -fileset sources_1
export_ip_user_files -of_objects  [get_files D:/zhuomian/打地鼠/qqxuanwu.srcs/sources_1/new/testmag.v] -no_script -reset -force -quiet
remove_files  D:/zhuomian/打地鼠/qqxuanwu.srcs/sources_1/new/testmag.v
export_ip_user_files -of_objects  [get_files D:/zhuomian/打地鼠/qqxuanwu.srcs/sources_1/new/creditmodule.v] -no_script -reset -force -quiet
remove_files  D:/zhuomian/打地鼠/qqxuanwu.srcs/sources_1/new/creditmodule.v
update_compile_order -fileset sources_1
reset_run synth_1
launch_runs impl_1 -to_step write_bitstream -jobs 8
[Tue Dec 13 17:30:18 2022] Launched synth_1...
Run output will be captured here: D:/zhuomian/打地鼠/qqxuanwu.runs/synth_1/runme.log
[Tue Dec 13 17:30:18 2022] Launched impl_1...
Run output will be captured here: D:/zhuomian/打地鼠/qqxuanwu.runs/impl_1/runme.log
reset_run synth_1
launch_runs impl_1 -to_step write_bitstream -jobs 8
[Tue Dec 13 17:31:36 2022] Launched synth_1...
Run output will be captured here: D:/zhuomian/打地鼠/qqxuanwu.runs/synth_1/runme.log
[Tue Dec 13 17:31:36 2022] Launched impl_1...
Run output will be captured here: D:/zhuomian/打地鼠/qqxuanwu.runs/impl_1/runme.log
reset_run synth_1
launch_runs impl_1 -to_step write_bitstream -jobs 8
[Tue Dec 13 17:34:41 2022] Launched synth_1...
Run output will be captured here: D:/zhuomian/打地鼠/qqxuanwu.runs/synth_1/runme.log
[Tue Dec 13 17:34:41 2022] Launched impl_1...
Run output will be captured here: D:/zhuomian/打地鼠/qqxuanwu.runs/impl_1/runme.log
reset_run synth_1
launch_runs impl_1 -to_step write_bitstream -jobs 8
[Tue Dec 13 17:36:45 2022] Launched synth_1...
Run output will be captured here: D:/zhuomian/打地鼠/qqxuanwu.runs/synth_1/runme.log
[Tue Dec 13 17:36:45 2022] Launched impl_1...
Run output will be captured here: D:/zhuomian/打地鼠/qqxuanwu.runs/impl_1/runme.log
reset_run synth_1
launch_runs impl_1 -to_step write_bitstream -jobs 8
[Tue Dec 13 17:39:53 2022] Launched synth_1...
Run output will be captured here: D:/zhuomian/打地鼠/qqxuanwu.runs/synth_1/runme.log
[Tue Dec 13 17:39:53 2022] Launched impl_1...
Run output will be captured here: D:/zhuomian/打地鼠/qqxuanwu.runs/impl_1/runme.log
reset_run synth_1
launch_runs impl_1 -to_step write_bitstream -jobs 8
[Tue Dec 13 17:40:31 2022] Launched synth_1...
Run output will be captured here: D:/zhuomian/打地鼠/qqxuanwu.runs/synth_1/runme.log
[Tue Dec 13 17:40:31 2022] Launched impl_1...
Run output will be captured here: D:/zhuomian/打地鼠/qqxuanwu.runs/impl_1/runme.log
reset_run synth_1
launch_runs impl_1 -to_step write_bitstream -jobs 8
[Tue Dec 13 17:43:34 2022] Launched synth_1...
Run output will be captured here: D:/zhuomian/打地鼠/qqxuanwu.runs/synth_1/runme.log
[Tue Dec 13 17:43:34 2022] Launched impl_1...
Run output will be captured here: D:/zhuomian/打地鼠/qqxuanwu.runs/impl_1/runme.log
reset_run synth_1
launch_runs impl_1 -to_step write_bitstream -jobs 8
[Tue Dec 13 17:47:52 2022] Launched synth_1...
Run output will be captured here: D:/zhuomian/打地鼠/qqxuanwu.runs/synth_1/runme.log
[Tue Dec 13 17:47:52 2022] Launched impl_1...
Run output will be captured here: D:/zhuomian/打地鼠/qqxuanwu.runs/impl_1/runme.log
reset_run synth_1
launch_runs impl_1 -to_step write_bitstream -jobs 8
[Tue Dec 13 17:51:34 2022] Launched synth_1...
Run output will be captured here: D:/zhuomian/打地鼠/qqxuanwu.runs/synth_1/runme.log
[Tue Dec 13 17:51:34 2022] Launched impl_1...
Run output will be captured here: D:/zhuomian/打地鼠/qqxuanwu.runs/impl_1/runme.log
reset_run synth_1
launch_runs impl_1 -to_step write_bitstream -jobs 8
[Tue Dec 13 17:52:19 2022] Launched synth_1...
Run output will be captured here: D:/zhuomian/打地鼠/qqxuanwu.runs/synth_1/runme.log
[Tue Dec 13 17:52:19 2022] Launched impl_1...
Run output will be captured here: D:/zhuomian/打地鼠/qqxuanwu.runs/impl_1/runme.log
reset_run synth_1
launch_runs impl_1 -to_step write_bitstream -jobs 8
[Tue Dec 13 17:52:40 2022] Launched synth_1...
Run output will be captured here: D:/zhuomian/打地鼠/qqxuanwu.runs/synth_1/runme.log
[Tue Dec 13 17:52:40 2022] Launched impl_1...
Run output will be captured here: D:/zhuomian/打地鼠/qqxuanwu.runs/impl_1/runme.log
reset_run synth_1
launch_runs impl_1 -to_step write_bitstream -jobs 8
[Tue Dec 13 17:58:05 2022] Launched synth_1...
Run output will be captured here: D:/zhuomian/打地鼠/qqxuanwu.runs/synth_1/runme.log
[Tue Dec 13 17:58:05 2022] Launched impl_1...
Run output will be captured here: D:/zhuomian/打地鼠/qqxuanwu.runs/impl_1/runme.log
exit
INFO: [Common 17-206] Exiting Vivado at Tue Dec 13 18:04:18 2022...
