#-----------------------------------------------------------
# Vivado v2021.1 (64-bit)
# SW Build 3247384 on Thu Jun 10 19:36:33 MDT 2021
# IP Build 3246043 on Fri Jun 11 00:30:35 MDT 2021
# Start of session at: Wed Dec 14 23:28:56 2022
# Process ID: 2560
# Current directory: E:/USTC/2nd year-1st sem/Digital circuit Experiment/Final/Draft
# Command line: vivado.exe -gui_launcher_event rodinguilauncherevent21224 E:\USTC\2nd year-1st sem\Digital circuit Experiment\Final\Draft\qqxuanwu.xpr
# Log file: E:/USTC/2nd year-1st sem/Digital circuit Experiment/Final/Draft/vivado.log
# Journal file: E:/USTC/2nd year-1st sem/Digital circuit Experiment/Final/Draft\vivado.jou
#-----------------------------------------------------------
start_gui
open_project {E:/USTC/2nd year-1st sem/Digital circuit Experiment/Final/Draft/qqxuanwu.xpr}
INFO: [Project 1-313] Project file moved from 'E:/USTC/2nd year-1st sem/Digital circuit Experiment/Final/hithit' since last save.
WARNING: [filemgmt 56-2] Default IP Output Path : Could not find the directory 'E:/USTC/2nd year-1st sem/Digital circuit Experiment/Final/Draft/qqxuanwu.gen/sources_1', nor could it be found using path 'E:/USTC/2nd year-1st sem/Digital circuit Experiment/Final/hithit/qqxuanwu.gen/sources_1'.
Scanning sources...
Finished scanning sources
INFO: [IP_Flow 19-234] Refreshing IP repositories
INFO: [IP_Flow 19-1704] No user IP repositories specified
INFO: [IP_Flow 19-2313] Loaded Vivado IP repository 'D:/Vivado/Vivado/2021.1/data/ip'.
open_project: Time (s): cpu = 00:00:18 ; elapsed = 00:00:06 . Memory (MB): peak = 1135.531 ; gain = 0.000
update_compile_order -fileset sources_1
exit
INFO: [Common 17-206] Exiting Vivado at Wed Dec 14 23:48:55 2022...
