#-----------------------------------------------------------
# Vivado v2019.1 (64-bit)
# SW Build 2552052 on Fri May 24 14:49:42 MDT 2019
# IP Build 2548770 on Fri May 24 18:01:18 MDT 2019
# Start of session at: Tue Dec 13 18:04:44 2022
# Process ID: 42812
# Current directory: D:/zhuomian/hithit
# Command line: vivado.exe -gui_launcher_event rodinguilauncherevent13164 D:\zhuomian\hithit\qqxuanwu.xpr
# Log file: D:/zhuomian/hithit/vivado.log
# Journal file: D:/zhuomian/hithit\vivado.jou
#-----------------------------------------------------------
start_gui
open_project D:/zhuomian/hithit/qqxuanwu.xpr
INFO: [Project 1-313] Project file moved from 'D:/zhuomian/¥Úµÿ Û' since last save.
Scanning sources...
Finished scanning sources
INFO: [IP_Flow 19-234] Refreshing IP repositories
INFO: [IP_Flow 19-1704] No user IP repositories specified
INFO: [IP_Flow 19-2313] Loaded Vivado IP repository 'E:/vivado/Vivado/2019.1/data/ip'.
update_compile_order -fileset sources_1
reset_run synth_1
launch_runs impl_1 -to_step write_bitstream -jobs 8
[Tue Dec 13 18:05:17 2022] Launched synth_1...
Run output will be captured here: D:/zhuomian/hithit/qqxuanwu.runs/synth_1/runme.log
[Tue Dec 13 18:05:17 2022] Launched impl_1...
Run output will be captured here: D:/zhuomian/hithit/qqxuanwu.runs/impl_1/runme.log
reset_run synth_1
launch_runs impl_1 -to_step write_bitstream -jobs 8
[Tue Dec 13 18:17:22 2022] Launched synth_1...
Run output will be captured here: D:/zhuomian/hithit/qqxuanwu.runs/synth_1/runme.log
[Tue Dec 13 18:17:22 2022] Launched impl_1...
Run output will be captured here: D:/zhuomian/hithit/qqxuanwu.runs/impl_1/runme.log
exit
INFO: [Common 17-206] Exiting Vivado at Tue Dec 13 18:19:19 2022...
